{"/home/runner/work/StoreManager/StoreManager/src/StoreManager.ts": {"path":"/home/runner/work/StoreManager/StoreManager/src/StoreManager.ts","statementMap":{"0":{"start":{"line":18,"column":0},"end":{"line":18,"column":null}},"1":{"start":{"line":20,"column":14},"end":{"line":20,"column":null}},"2":{"start":{"line":24,"column":10},"end":{"line":27,"column":4}},"3":{"start":{"line":21,"column":4},"end":{"line":21,"column":26}},"4":{"start":{"line":29,"column":10},"end":{"line":37,"column":null}},"5":{"start":{"line":29,"column":27},"end":{"line":29,"column":null}},"6":{"start":{"line":30,"column":24},"end":{"line":32,"column":35}},"7":{"start":{"line":33,"column":4},"end":{"line":35,"column":null}},"8":{"start":{"line":34,"column":6},"end":{"line":34,"column":33}},"9":{"start":{"line":36,"column":4},"end":{"line":36,"column":16}},"10":{"start":{"line":38,"column":9},"end":{"line":40,"column":null}},"11":{"start":{"line":39,"column":4},"end":{"line":39,"column":68}},"12":{"start":{"line":41,"column":9},"end":{"line":62,"column":null}},"13":{"start":{"line":42,"column":24},"end":{"line":42,"column":52}},"14":{"start":{"line":43,"column":24},"end":{"line":43,"column":51}},"15":{"start":{"line":44,"column":18},"end":{"line":44,"column":23}},"16":{"start":{"line":45,"column":15},"end":{"line":45,"column":19}},"17":{"start":{"line":46,"column":4},"end":{"line":60,"column":null}},"18":{"start":{"line":47,"column":6},"end":{"line":52,"column":20}},"19":{"start":{"line":48,"column":8},"end":{"line":48,"column":60}},"20":{"start":{"line":49,"column":8},"end":{"line":49,"column":39}},"21":{"start":{"line":51,"column":8},"end":{"line":51,"column":32}},"22":{"start":{"line":53,"column":6},"end":{"line":59,"column":null}},"23":{"start":{"line":54,"column":8},"end":{"line":58,"column":22}},"24":{"start":{"line":55,"column":10},"end":{"line":55,"column":62}},"25":{"start":{"line":56,"column":10},"end":{"line":56,"column":41}},"26":{"start":{"line":57,"column":10},"end":{"line":57,"column":34}},"27":{"start":{"line":61,"column":4},"end":{"line":61,"column":16}},"28":{"start":{"line":64,"column":10},"end":{"line":72,"column":null}},"29":{"start":{"line":65,"column":4},"end":{"line":70,"column":null}},"30":{"start":{"line":69,"column":6},"end":{"line":69,"column":30}},"31":{"start":{"line":71,"column":4},"end":{"line":71,"column":16}},"32":{"start":{"line":73,"column":9},"end":{"line":76,"column":null}},"33":{"start":{"line":73,"column":38},"end":{"line":73,"column":null}},"34":{"start":{"line":74,"column":4},"end":{"line":74,"column":52}},"35":{"start":{"line":75,"column":4},"end":{"line":75,"column":35}},"36":{"start":{"line":77,"column":9},"end":{"line":92,"column":null}},"37":{"start":{"line":77,"column":37},"end":{"line":77,"column":null}},"38":{"start":{"line":78,"column":20},"end":{"line":78,"column":52}},"39":{"start":{"line":79,"column":18},"end":{"line":79,"column":23}},"40":{"start":{"line":80,"column":4},"end":{"line":90,"column":null}},"41":{"start":{"line":81,"column":6},"end":{"line":83,"column":null}},"42":{"start":{"line":82,"column":8},"end":{"line":82,"column":36}},"43":{"start":{"line":84,"column":6},"end":{"line":89,"column":null}},"44":{"start":{"line":85,"column":8},"end":{"line":85,"column":55}},"45":{"start":{"line":86,"column":8},"end":{"line":86,"column":23}},"46":{"start":{"line":88,"column":8},"end":{"line":88,"column":50}},"47":{"start":{"line":91,"column":4},"end":{"line":91,"column":19}},"48":{"start":{"line":93,"column":9},"end":{"line":102,"column":null}},"49":{"start":{"line":94,"column":27},"end":{"line":94,"column":54}},"50":{"start":{"line":95,"column":27},"end":{"line":95,"column":55}},"51":{"start":{"line":96,"column":4},"end":{"line":98,"column":null}},"52":{"start":{"line":97,"column":6},"end":{"line":97,"column":57}},"53":{"start":{"line":99,"column":4},"end":{"line":101,"column":null}},"54":{"start":{"line":100,"column":6},"end":{"line":100,"column":57}},"55":{"start":{"line":103,"column":0},"end":{"line":103,"column":null}}},"fnMap":{"0":{"name":"(anonymous_0)","decl":{"start":{"line":18,"column":0},"end":{"line":18,"column":null}},"loc":{"start":{"line":18,"column":0},"end":{"line":103,"column":null}}},"1":{"name":"StoreManager","decl":{"start":{"line":20,"column":2},"end":{"line":20,"column":14}},"loc":{"start":{"line":20,"column":39},"end":{"line":22,"column":3}}},"2":{"name":"(anonymous_2)","decl":{"start":{"line":29,"column":2},"end":{"line":29,"column":10}},"loc":{"start":{"line":29,"column":52},"end":{"line":37,"column":3}}},"3":{"name":"(anonymous_3)","decl":{"start":{"line":38,"column":2},"end":{"line":38,"column":9}},"loc":{"start":{"line":38,"column":24},"end":{"line":40,"column":3}}},"4":{"name":"(anonymous_4)","decl":{"start":{"line":41,"column":2},"end":{"line":41,"column":9}},"loc":{"start":{"line":41,"column":24},"end":{"line":62,"column":3}}},"5":{"name":"(anonymous_5)","decl":{"start":{"line":64,"column":2},"end":{"line":64,"column":10}},"loc":{"start":{"line":64,"column":27},"end":{"line":72,"column":3}}},"6":{"name":"(anonymous_6)","decl":{"start":{"line":73,"column":2},"end":{"line":73,"column":9}},"loc":{"start":{"line":73,"column":54},"end":{"line":76,"column":3}}},"7":{"name":"(anonymous_7)","decl":{"start":{"line":77,"column":2},"end":{"line":77,"column":9}},"loc":{"start":{"line":77,"column":53},"end":{"line":92,"column":3}}},"8":{"name":"(anonymous_8)","decl":{"start":{"line":93,"column":2},"end":{"line":93,"column":9}},"loc":{"start":{"line":93,"column":27},"end":{"line":102,"column":3}}}},"branchMap":{"0":{"loc":{"start":{"line":20,"column":14},"end":{"line":20,"column":null}},"type":"if","locations":[{"start":{"line":20,"column":14},"end":{"line":20,"column":null}},{"start":{"line":20,"column":14},"end":{"line":20,"column":null}}]},"1":{"loc":{"start":{"line":29,"column":27},"end":{"line":29,"column":null}},"type":"if","locations":[{"start":{"line":29,"column":27},"end":{"line":29,"column":null}},{"start":{"line":29,"column":27},"end":{"line":29,"column":null}}]},"2":{"loc":{"start":{"line":31,"column":8},"end":{"line":31,"column":35}},"type":"cond-expr","locations":[{"start":{"line":31,"column":8},"end":{"line":31,"column":35}},{"start":{"line":32,"column":8},"end":{"line":32,"column":35}}]},"3":{"loc":{"start":{"line":33,"column":4},"end":{"line":35,"column":null}},"type":"if","locations":[{"start":{"line":33,"column":4},"end":{"line":35,"column":null}},{"start":{"line":33,"column":4},"end":{"line":35,"column":null}}]},"4":{"loc":{"start":{"line":46,"column":4},"end":{"line":60,"column":null}},"type":"if","locations":[{"start":{"line":46,"column":4},"end":{"line":60,"column":null}},{"start":{"line":46,"column":4},"end":{"line":60,"column":null}}]},"5":{"loc":{"start":{"line":46,"column":8},"end":{"line":46,"column":19}},"type":"binary-expr","locations":[{"start":{"line":46,"column":8},"end":{"line":46,"column":19}},{"start":{"line":46,"column":23},"end":{"line":46,"column":34}}]},"6":{"loc":{"start":{"line":53,"column":6},"end":{"line":59,"column":null}},"type":"if","locations":[{"start":{"line":53,"column":6},"end":{"line":59,"column":null}},{"start":{"line":53,"column":6},"end":{"line":59,"column":null}}]},"7":{"loc":{"start":{"line":65,"column":4},"end":{"line":70,"column":null}},"type":"if","locations":[{"start":{"line":65,"column":4},"end":{"line":70,"column":null}},{"start":{"line":65,"column":4},"end":{"line":70,"column":null}}]},"8":{"loc":{"start":{"line":66,"column":6},"end":{"line":66,"column":30}},"type":"binary-expr","locations":[{"start":{"line":66,"column":6},"end":{"line":66,"column":30}},{"start":{"line":67,"column":7},"end":{"line":67,"column":30}},{"start":{"line":67,"column":34},"end":{"line":67,"column":57}}]},"9":{"loc":{"start":{"line":73,"column":38},"end":{"line":73,"column":null}},"type":"if","locations":[{"start":{"line":73,"column":38},"end":{"line":73,"column":null}},{"start":{"line":73,"column":38},"end":{"line":73,"column":null}}]},"10":{"loc":{"start":{"line":77,"column":37},"end":{"line":77,"column":null}},"type":"if","locations":[{"start":{"line":77,"column":37},"end":{"line":77,"column":null}},{"start":{"line":77,"column":37},"end":{"line":77,"column":null}}]},"11":{"loc":{"start":{"line":80,"column":4},"end":{"line":90,"column":null}},"type":"if","locations":[{"start":{"line":80,"column":4},"end":{"line":90,"column":null}},{"start":{"line":80,"column":4},"end":{"line":90,"column":null}}]},"12":{"loc":{"start":{"line":81,"column":6},"end":{"line":83,"column":null}},"type":"if","locations":[{"start":{"line":81,"column":6},"end":{"line":83,"column":null}},{"start":{"line":81,"column":6},"end":{"line":83,"column":null}}]},"13":{"loc":{"start":{"line":96,"column":4},"end":{"line":98,"column":null}},"type":"if","locations":[{"start":{"line":96,"column":4},"end":{"line":98,"column":null}},{"start":{"line":96,"column":4},"end":{"line":98,"column":null}}]},"14":{"loc":{"start":{"line":99,"column":4},"end":{"line":101,"column":null}},"type":"if","locations":[{"start":{"line":99,"column":4},"end":{"line":101,"column":null}},{"start":{"line":99,"column":4},"end":{"line":101,"column":null}}]}},"s":{"0":1,"1":1,"2":1,"3":1,"4":1,"5":0,"6":0,"7":0,"8":0,"9":0,"10":1,"11":0,"12":1,"13":0,"14":0,"15":0,"16":0,"17":0,"18":0,"19":0,"20":0,"21":0,"22":0,"23":0,"24":0,"25":0,"26":0,"27":0,"28":1,"29":0,"30":0,"31":0,"32":1,"33":0,"34":0,"35":0,"36":1,"37":0,"38":0,"39":0,"40":0,"41":0,"42":0,"43":0,"44":0,"45":0,"46":0,"47":0,"48":1,"49":0,"50":0,"51":0,"52":0,"53":0,"54":0,"55":1},"f":{"0":1,"1":1,"2":0,"3":0,"4":0,"5":0,"6":0,"7":0,"8":0},"b":{"0":[0,1],"1":[0,0],"2":[0,0],"3":[0,0],"4":[0,0],"5":[0,0],"6":[0,0],"7":[0,0],"8":[0,0,0],"9":[0,0],"10":[0,0],"11":[0,0],"12":[0,0],"13":[0,0],"14":[0,0]}}
}
